Removed Pin From Net: NetName=NetIC2_1 Pin=IC2-1
Removed Pin From Net: NetName=NetIC2_2 Pin=IC2-2
Removed Pin From Net: NetName=NetIC2_2 Pin=IC2-3
Removed Pin From Net: NetName=NetIC2_4 Pin=IC2-4
Removed Pin From Net: NetName=GND Pin=IC2-5
Removed Pin From Net: NetName=A Pin=IC2-6
Removed Pin From Net: NetName=B Pin=IC2-7
Removed Pin From Net: NetName=VDD Pin=IC2-8
Removed Pin From Net: NetName=NetIC2_1 Pin=JP1-3
Removed Pin From Net: NetName=NetIC2_4 Pin=JP1-4
Removed Member From Class: ClassName=Sch_pinout_board Member=IC2
Added Component: Designator=U1(SOIC127P600X175-8N)
Add component. Clean all parameters for all variants
Add component (AddParameter): Name = "Availability"; Value = "Unavailable"; VariantName = "[No Variations]"
Add component (AddParameter): Name = "MF"; Value = "Maxim Integrated"; VariantName = "[No Variations]"
Add component (AddParameter): Name = "MP"; Value = "MAX485ECSA"; VariantName = "[No Variations]"
Add component (AddParameter): Name = "Package"; Value = "SOIC-8 Maxim Integrated"; VariantName = "[No Variations]"
Add component (AddParameter): Name = "Price"; Value = "None"; VariantName = "[No Variations]"
Add component (AddParameter): Name = "SnapEDA_Link"; Value = "https://www.snapeda.com/parts/MAX485ECSA/Maxim%20Integrated/view-part/978440/?ref=snap"; VariantName = "[No Variations]"
Add component (AddParameter): Name = "Value"; Value = ""; VariantName = "[No Variations]"
Added Pin To Net: NetName=NetIC2_2 Pin=JP1-3
Added Pin To Net: NetName=NetIC2_1 Pin=JP1-4
Added Pin To Net: NetName=NetIC2_2 Pin=U1-1
Added Pin To Net: NetName=NetIC2_4 Pin=U1-2
Added Pin To Net: NetName=NetIC2_4 Pin=U1-3
Added Pin To Net: NetName=NetIC2_1 Pin=U1-4
Added Pin To Net: NetName=GND Pin=U1-5
Added Pin To Net: NetName=A Pin=U1-6
Added Pin To Net: NetName=B Pin=U1-7
Added Pin To Net: NetName=VDD Pin=U1-8
Change Net Name : Old Net Name=NetIC2_1 New Net Name=NetJP1_4
Change Net Name : Old Net Name=NetIC2_2 New Net Name=NetJP1_3
Change Net Name : Old Net Name=NetIC2_4 New Net Name=NetU1_2
Added Member To Class: ClassName=Sch_pinout_board Member=Component IC1 24C256
Added Member To Class: ClassName=Sch_pinout_board Member=Component U1 MAX485ECSA+
